Analysis & Synthesis report for EE314exp1
Wed Apr  9 13:19:57 2025
Quartus Prime Version 23.1std.1 Build 993 05/14/2024 SC Lite Edition


---------------------
; Table of Contents ;
---------------------
  1. Legal Notice
  2. Analysis & Synthesis Summary
  3. Analysis & Synthesis Settings
  4. Parallel Compilation
  5. Analysis & Synthesis Source Files Read
  6. Analysis & Synthesis Resource Usage Summary
  7. Analysis & Synthesis Resource Utilization by Entity
  8. General Register Statistics
  9. Multiplexer Restructuring Statistics (Restructuring Performed)
 10. Parameter Settings for User Entity Instance: Extended_ALU:u0
 11. Parameter Settings for User Entity Instance: Extended_ALU:u0|ALU:my_ALU
 12. Parameter Settings for User Entity Instance: Extended_ALU:u0|ALU:my_ALU|Arithmetic_Unit:AU
 13. Parameter Settings for User Entity Instance: Extended_ALU:u0|ALU:my_ALU|Logic_Unit:LU
 14. Port Connectivity Checks: "Extended_ALU:u0|ALU:my_ALU|Logic_Unit:LU"
 15. Port Connectivity Checks: "Extended_ALU:u0|ALU:my_ALU|Arithmetic_Unit:AU"
 16. Port Connectivity Checks: "Extended_ALU:u0|ALU:my_ALU"
 17. Post-Synthesis Netlist Statistics for Top Partition
 18. Elapsed Time Per Partition
 19. Analysis & Synthesis Messages



----------------
; Legal Notice ;
----------------
Copyright (C) 2024  Intel Corporation. All rights reserved.
Your use of Intel Corporation's design tools, logic functions 
and other software and tools, and any partner logic 
functions, and any output files from any of the foregoing 
(including device programming or simulation files), and any 
associated documentation or information are expressly subject 
to the terms and conditions of the Intel Program License 
Subscription Agreement, the Intel Quartus Prime License Agreement,
the Intel FPGA IP License Agreement, or other applicable license
agreement, including, without limitation, that your use is for
the sole purpose of programming logic devices manufactured by
Intel and sold by Intel or its authorized distributors.  Please
refer to the applicable agreement for further details, at
https://fpgasoftware.intel.com/eula.



+----------------------------------------------------------------------------------+
; Analysis & Synthesis Summary                                                     ;
+---------------------------------+------------------------------------------------+
; Analysis & Synthesis Status     ; Successful - Wed Apr  9 13:19:57 2025          ;
; Quartus Prime Version           ; 23.1std.1 Build 993 05/14/2024 SC Lite Edition ;
; Revision Name                   ; EE314exp1                                      ;
; Top-level Entity Name           ; EE314exp1                                      ;
; Family                          ; Cyclone V                                      ;
; Logic utilization (in ALMs)     ; N/A                                            ;
; Total registers                 ; 0                                              ;
; Total pins                      ; 62                                             ;
; Total virtual pins              ; 0                                              ;
; Total block memory bits         ; 0                                              ;
; Total DSP Blocks                ; 0                                              ;
; Total HSSI RX PCSs              ; 0                                              ;
; Total HSSI PMA RX Deserializers ; 0                                              ;
; Total HSSI TX PCSs              ; 0                                              ;
; Total HSSI PMA TX Serializers   ; 0                                              ;
; Total PLLs                      ; 0                                              ;
; Total DLLs                      ; 0                                              ;
+---------------------------------+------------------------------------------------+


+---------------------------------------------------------------------------------------------------------------------------+
; Analysis & Synthesis Settings                                                                                             ;
+---------------------------------------------------------------------------------+--------------------+--------------------+
; Option                                                                          ; Setting            ; Default Value      ;
+---------------------------------------------------------------------------------+--------------------+--------------------+
; Device                                                                          ; 5CSEMA5F31C6       ;                    ;
; Top-level entity name                                                           ; EE314exp1          ; EE314exp1          ;
; Family name                                                                     ; Cyclone V          ; Cyclone V          ;
; Use smart compilation                                                           ; Off                ; Off                ;
; Enable parallel Assembler and Timing Analyzer during compilation                ; On                 ; On                 ;
; Enable compact report table                                                     ; Off                ; Off                ;
; Restructure Multiplexers                                                        ; Auto               ; Auto               ;
; MLAB Add Timing Constraints For Mixed-Port Feed-Through Mode Setting Don't Care ; Off                ; Off                ;
; Create Debugging Nodes for IP Cores                                             ; Off                ; Off                ;
; Preserve fewer node names                                                       ; On                 ; On                 ;
; Intel FPGA IP Evaluation Mode                                                   ; Enable             ; Enable             ;
; Verilog Version                                                                 ; Verilog_2001       ; Verilog_2001       ;
; VHDL Version                                                                    ; VHDL_1993          ; VHDL_1993          ;
; State Machine Processing                                                        ; Auto               ; Auto               ;
; Safe State Machine                                                              ; Off                ; Off                ;
; Extract Verilog State Machines                                                  ; On                 ; On                 ;
; Extract VHDL State Machines                                                     ; On                 ; On                 ;
; Ignore Verilog initial constructs                                               ; Off                ; Off                ;
; Iteration limit for constant Verilog loops                                      ; 5000               ; 5000               ;
; Iteration limit for non-constant Verilog loops                                  ; 250                ; 250                ;
; Add Pass-Through Logic to Inferred RAMs                                         ; On                 ; On                 ;
; Infer RAMs from Raw Logic                                                       ; On                 ; On                 ;
; Parallel Synthesis                                                              ; On                 ; On                 ;
; DSP Block Balancing                                                             ; Auto               ; Auto               ;
; NOT Gate Push-Back                                                              ; On                 ; On                 ;
; Power-Up Don't Care                                                             ; On                 ; On                 ;
; Remove Redundant Logic Cells                                                    ; Off                ; Off                ;
; Remove Duplicate Registers                                                      ; On                 ; On                 ;
; Ignore CARRY Buffers                                                            ; Off                ; Off                ;
; Ignore CASCADE Buffers                                                          ; Off                ; Off                ;
; Ignore GLOBAL Buffers                                                           ; Off                ; Off                ;
; Ignore ROW GLOBAL Buffers                                                       ; Off                ; Off                ;
; Ignore LCELL Buffers                                                            ; Off                ; Off                ;
; Ignore SOFT Buffers                                                             ; On                 ; On                 ;
; Limit AHDL Integers to 32 Bits                                                  ; Off                ; Off                ;
; Optimization Technique                                                          ; Balanced           ; Balanced           ;
; Carry Chain Length                                                              ; 70                 ; 70                 ;
; Auto Carry Chains                                                               ; On                 ; On                 ;
; Auto Open-Drain Pins                                                            ; On                 ; On                 ;
; Perform WYSIWYG Primitive Resynthesis                                           ; Off                ; Off                ;
; Auto ROM Replacement                                                            ; On                 ; On                 ;
; Auto RAM Replacement                                                            ; On                 ; On                 ;
; Auto DSP Block Replacement                                                      ; On                 ; On                 ;
; Auto Shift Register Replacement                                                 ; Auto               ; Auto               ;
; Allow Shift Register Merging across Hierarchies                                 ; Auto               ; Auto               ;
; Auto Clock Enable Replacement                                                   ; On                 ; On                 ;
; Strict RAM Replacement                                                          ; Off                ; Off                ;
; Allow Synchronous Control Signals                                               ; On                 ; On                 ;
; Force Use of Synchronous Clear Signals                                          ; Off                ; Off                ;
; Auto Resource Sharing                                                           ; Off                ; Off                ;
; Allow Any RAM Size For Recognition                                              ; Off                ; Off                ;
; Allow Any ROM Size For Recognition                                              ; Off                ; Off                ;
; Allow Any Shift Register Size For Recognition                                   ; Off                ; Off                ;
; Use LogicLock Constraints during Resource Balancing                             ; On                 ; On                 ;
; Ignore translate_off and synthesis_off directives                               ; Off                ; Off                ;
; Timing-Driven Synthesis                                                         ; On                 ; On                 ;
; Report Parameter Settings                                                       ; On                 ; On                 ;
; Report Source Assignments                                                       ; On                 ; On                 ;
; Report Connectivity Checks                                                      ; On                 ; On                 ;
; Ignore Maximum Fan-Out Assignments                                              ; Off                ; Off                ;
; Synchronization Register Chain Length                                           ; 3                  ; 3                  ;
; Power Optimization During Synthesis                                             ; Normal compilation ; Normal compilation ;
; HDL message level                                                               ; Level2             ; Level2             ;
; Suppress Register Optimization Related Messages                                 ; Off                ; Off                ;
; Number of Removed Registers Reported in Synthesis Report                        ; 5000               ; 5000               ;
; Number of Swept Nodes Reported in Synthesis Report                              ; 5000               ; 5000               ;
; Number of Inverted Registers Reported in Synthesis Report                       ; 100                ; 100                ;
; Clock MUX Protection                                                            ; On                 ; On                 ;
; Auto Gated Clock Conversion                                                     ; Off                ; Off                ;
; Block Design Naming                                                             ; Auto               ; Auto               ;
; SDC constraint protection                                                       ; Off                ; Off                ;
; Synthesis Effort                                                                ; Auto               ; Auto               ;
; Shift Register Replacement - Allow Asynchronous Clear Signal                    ; On                 ; On                 ;
; Pre-Mapping Resynthesis Optimization                                            ; Off                ; Off                ;
; Analysis & Synthesis Message Level                                              ; Medium             ; Medium             ;
; Disable Register Merging Across Hierarchies                                     ; Auto               ; Auto               ;
; Resource Aware Inference For Block RAM                                          ; On                 ; On                 ;
; Automatic Parallel Synthesis                                                    ; On                 ; On                 ;
; Partial Reconfiguration Bitstream ID                                            ; Off                ; Off                ;
+---------------------------------------------------------------------------------+--------------------+--------------------+


+------------------------------------------+
; Parallel Compilation                     ;
+----------------------------+-------------+
; Processors                 ; Number      ;
+----------------------------+-------------+
; Number detected on machine ; 22          ;
; Maximum allowed            ; 16          ;
;                            ;             ;
; Average used               ; 1.00        ;
; Maximum used               ; 1           ;
;                            ;             ;
; Usage by Processor         ; % Time Used ;
;     Processor 1            ; 100.0%      ;
+----------------------------+-------------+


+---------------------------------------------------------------------------------------------------------------------------------------------------------------+
; Analysis & Synthesis Source Files Read                                                                                                                        ;
+----------------------------------+-----------------+------------------------+-----------------------------------------------------------------------+---------+
; File Name with User-Entered Path ; Used in Netlist ; File Type              ; File Name with Absolute Path                                          ; Library ;
+----------------------------------+-----------------+------------------------+-----------------------------------------------------------------------+---------+
; hexto7seg.v                      ; yes             ; User Verilog HDL File  ; D:/METU-EE/EE-Sem-6/EE314/EXP1/Exp1_Quartus_2604163/hexto7seg.v       ;         ;
; EE314exp1.v                      ; yes             ; User Verilog HDL File  ; D:/METU-EE/EE-Sem-6/EE314/EXP1/Exp1_Quartus_2604163/EE314exp1.v       ;         ;
; ALU.v                            ; yes             ; User Verilog HDL File  ; D:/METU-EE/EE-Sem-6/EE314/EXP1/Exp1_Quartus_2604163/ALU.v             ;         ;
; Logic_Unit.v                     ; yes             ; User Verilog HDL File  ; D:/METU-EE/EE-Sem-6/EE314/EXP1/Exp1_Quartus_2604163/Logic_Unit.v      ;         ;
; Arithmetic_Unit.v                ; yes             ; User Verilog HDL File  ; D:/METU-EE/EE-Sem-6/EE314/EXP1/Exp1_Quartus_2604163/Arithmetic_Unit.v ;         ;
; Extended_ALU.v                   ; yes             ; User Verilog HDL File  ; D:/METU-EE/EE-Sem-6/EE314/EXP1/Exp1_Quartus_2604163/Extended_ALU.v    ;         ;
+----------------------------------+-----------------+------------------------+-----------------------------------------------------------------------+---------+


+-----------------------------------------------------------+
; Analysis & Synthesis Resource Usage Summary               ;
+---------------------------------------------+-------------+
; Resource                                    ; Usage       ;
+---------------------------------------------+-------------+
; Estimate of Logic utilization (ALMs needed) ; 22          ;
;                                             ;             ;
; Combinational ALUT usage for logic          ; 36          ;
;     -- 7 input functions                    ; 1           ;
;     -- 6 input functions                    ; 6           ;
;     -- 5 input functions                    ; 3           ;
;     -- 4 input functions                    ; 16          ;
;     -- <=3 input functions                  ; 10          ;
;                                             ;             ;
; Dedicated logic registers                   ; 0           ;
;                                             ;             ;
; I/O pins                                    ; 62          ;
;                                             ;             ;
; Total DSP Blocks                            ; 0           ;
;                                             ;             ;
; Maximum fan-out node                        ; SW[9]~input ;
; Maximum fan-out                             ; 12          ;
; Total fan-out                               ; 237         ;
; Average fan-out                             ; 1.48        ;
+---------------------------------------------+-------------+


+------------------------------------------------------------------------------------------------------------------------------------------------------------------------------------------------------------------------------------+
; Analysis & Synthesis Resource Utilization by Entity                                                                                                                                                                                ;
+-------------------------------+---------------------+---------------------------+-------------------+------------+------+--------------+----------------------------------------------------------+-----------------+--------------+
; Compilation Hierarchy Node    ; Combinational ALUTs ; Dedicated Logic Registers ; Block Memory Bits ; DSP Blocks ; Pins ; Virtual Pins ; Full Hierarchy Name                                      ; Entity Name     ; Library Name ;
+-------------------------------+---------------------+---------------------------+-------------------+------------+------+--------------+----------------------------------------------------------+-----------------+--------------+
; |EE314exp1                    ; 36 (0)              ; 0 (0)                     ; 0                 ; 0          ; 62   ; 0            ; |EE314exp1                                               ; EE314exp1       ; work         ;
;    |Extended_ALU:u0|          ; 16 (0)              ; 0 (0)                     ; 0                 ; 0          ; 0    ; 0            ; |EE314exp1|Extended_ALU:u0                               ; Extended_ALU    ; work         ;
;       |ALU:my_ALU|            ; 16 (9)              ; 0 (0)                     ; 0                 ; 0          ; 0    ; 0            ; |EE314exp1|Extended_ALU:u0|ALU:my_ALU                    ; ALU             ; work         ;
;          |Arithmetic_Unit:AU| ; 7 (7)               ; 0 (0)                     ; 0                 ; 0          ; 0    ; 0            ; |EE314exp1|Extended_ALU:u0|ALU:my_ALU|Arithmetic_Unit:AU ; Arithmetic_Unit ; work         ;
;    |hexto7seg:hex_disp0|      ; 6 (6)               ; 0 (0)                     ; 0                 ; 0          ; 0    ; 0            ; |EE314exp1|hexto7seg:hex_disp0                           ; hexto7seg       ; work         ;
;    |hexto7seg:hex_disp1|      ; 7 (7)               ; 0 (0)                     ; 0                 ; 0          ; 0    ; 0            ; |EE314exp1|hexto7seg:hex_disp1                           ; hexto7seg       ; work         ;
;    |hexto7seg:hex_disp2|      ; 7 (7)               ; 0 (0)                     ; 0                 ; 0          ; 0    ; 0            ; |EE314exp1|hexto7seg:hex_disp2                           ; hexto7seg       ; work         ;
+-------------------------------+---------------------+---------------------------+-------------------+------------+------+--------------+----------------------------------------------------------+-----------------+--------------+
Note: For table entries with two numbers listed, the numbers in parentheses indicate the number of resources of the given type used by the specific entity alone. The numbers listed outside of parentheses indicate the total resources of the given type used by the specific entity and all of its sub-entities in the hierarchy.


+------------------------------------------------------+
; General Register Statistics                          ;
+----------------------------------------------+-------+
; Statistic                                    ; Value ;
+----------------------------------------------+-------+
; Total registers                              ; 0     ;
; Number of registers using Synchronous Clear  ; 0     ;
; Number of registers using Synchronous Load   ; 0     ;
; Number of registers using Asynchronous Clear ; 0     ;
; Number of registers using Asynchronous Load  ; 0     ;
; Number of registers using Clock Enable       ; 0     ;
; Number of registers using Preset             ; 0     ;
+----------------------------------------------+-------+


+-------------------------------------------------------------------------------------------------------------------------------------------------------+
; Multiplexer Restructuring Statistics (Restructuring Performed)                                                                                        ;
+--------------------+-----------+---------------+----------------------+------------------------+------------+-----------------------------------------+
; Multiplexer Inputs ; Bus Width ; Baseline Area ; Area if Restructured ; Saving if Restructured ; Registered ; Example Multiplexer Output              ;
+--------------------+-----------+---------------+----------------------+------------------------+------------+-----------------------------------------+
; 3:1                ; 4 bits    ; 8 LEs         ; 8 LEs                ; 0 LEs                  ; No         ; |EE314exp1|Extended_ALU:u0|ALU:my_ALU|N ;
+--------------------+-----------+---------------+----------------------+------------------------+------------+-----------------------------------------+


+--------------------------------------------------------------+
; Parameter Settings for User Entity Instance: Extended_ALU:u0 ;
+----------------+-------+-------------------------------------+
; Parameter Name ; Value ; Type                                ;
+----------------+-------+-------------------------------------+
; W              ; 4     ; Signed Integer                      ;
+----------------+-------+-------------------------------------+
Note: In order to hide this table in the UI and the text report file, please set the "Show Parameter Settings in Synthesis Report" option in "Analysis and Synthesis Settings -> More Settings" to "Off".


+-------------------------------------------------------------------------+
; Parameter Settings for User Entity Instance: Extended_ALU:u0|ALU:my_ALU ;
+----------------+-------+------------------------------------------------+
; Parameter Name ; Value ; Type                                           ;
+----------------+-------+------------------------------------------------+
; W              ; 4     ; Signed Integer                                 ;
+----------------+-------+------------------------------------------------+
Note: In order to hide this table in the UI and the text report file, please set the "Show Parameter Settings in Synthesis Report" option in "Analysis and Synthesis Settings -> More Settings" to "Off".


+--------------------------------------------------------------------------------------------+
; Parameter Settings for User Entity Instance: Extended_ALU:u0|ALU:my_ALU|Arithmetic_Unit:AU ;
+----------------+-------+-------------------------------------------------------------------+
; Parameter Name ; Value ; Type                                                              ;
+----------------+-------+-------------------------------------------------------------------+
; W              ; 4     ; Signed Integer                                                    ;
+----------------+-------+-------------------------------------------------------------------+
Note: In order to hide this table in the UI and the text report file, please set the "Show Parameter Settings in Synthesis Report" option in "Analysis and Synthesis Settings -> More Settings" to "Off".


+---------------------------------------------------------------------------------------+
; Parameter Settings for User Entity Instance: Extended_ALU:u0|ALU:my_ALU|Logic_Unit:LU ;
+----------------+-------+--------------------------------------------------------------+
; Parameter Name ; Value ; Type                                                         ;
+----------------+-------+--------------------------------------------------------------+
; W              ; 4     ; Signed Integer                                               ;
+----------------+-------+--------------------------------------------------------------+
Note: In order to hide this table in the UI and the text report file, please set the "Show Parameter Settings in Synthesis Report" option in "Analysis and Synthesis Settings -> More Settings" to "Off".


+-------------------------------------------------------------------------------------------------------------------------------------+
; Port Connectivity Checks: "Extended_ALU:u0|ALU:my_ALU|Logic_Unit:LU"                                                                ;
+------+--------+----------+----------------------------------------------------------------------------------------------------------+
; Port ; Type   ; Severity ; Details                                                                                                  ;
+------+--------+----------+----------------------------------------------------------------------------------------------------------+
; N    ; Output ; Warning  ; Declared by entity but not connected by instance. Logic that only feeds a dangling port will be removed. ;
; Z    ; Output ; Warning  ; Declared by entity but not connected by instance. Logic that only feeds a dangling port will be removed. ;
+------+--------+----------+----------------------------------------------------------------------------------------------------------+


+-------------------------------------------------------------------------------------------------------------------------------------+
; Port Connectivity Checks: "Extended_ALU:u0|ALU:my_ALU|Arithmetic_Unit:AU"                                                           ;
+------+--------+----------+----------------------------------------------------------------------------------------------------------+
; Port ; Type   ; Severity ; Details                                                                                                  ;
+------+--------+----------+----------------------------------------------------------------------------------------------------------+
; N    ; Output ; Warning  ; Declared by entity but not connected by instance. Logic that only feeds a dangling port will be removed. ;
; Z    ; Output ; Warning  ; Declared by entity but not connected by instance. Logic that only feeds a dangling port will be removed. ;
+------+--------+----------+----------------------------------------------------------------------------------------------------------+


+------------------------------------------------------------------------------------------------------------------+
; Port Connectivity Checks: "Extended_ALU:u0|ALU:my_ALU"                                                           ;
+--------+--------+----------+-------------------------------------------------------------------------------------+
; Port   ; Type   ; Severity ; Details                                                                             ;
+--------+--------+----------+-------------------------------------------------------------------------------------+
; OUT[3] ; Output ; Info     ; Connected to dangling logic. Logic that only feeds a dangling port will be removed. ;
+--------+--------+----------+-------------------------------------------------------------------------------------+


+-----------------------------------------------------+
; Post-Synthesis Netlist Statistics for Top Partition ;
+-----------------------+-----------------------------+
; Type                  ; Count                       ;
+-----------------------+-----------------------------+
; arriav_lcell_comb     ; 41                          ;
;     arith             ; 5                           ;
;         0 data inputs ; 1                           ;
;         2 data inputs ; 1                           ;
;         4 data inputs ; 1                           ;
;         5 data inputs ; 2                           ;
;     extend            ; 1                           ;
;         7 data inputs ; 1                           ;
;     normal            ; 35                          ;
;         0 data inputs ; 1                           ;
;         1 data inputs ; 4                           ;
;         2 data inputs ; 2                           ;
;         3 data inputs ; 6                           ;
;         4 data inputs ; 15                          ;
;         5 data inputs ; 1                           ;
;         6 data inputs ; 6                           ;
; boundary_port         ; 62                          ;
;                       ;                             ;
; Max LUT depth         ; 4.00                        ;
; Average LUT depth     ; 2.57                        ;
+-----------------------+-----------------------------+


+-------------------------------+
; Elapsed Time Per Partition    ;
+----------------+--------------+
; Partition Name ; Elapsed Time ;
+----------------+--------------+
; Top            ; 00:00:00     ;
+----------------+--------------+


+-------------------------------+
; Analysis & Synthesis Messages ;
+-------------------------------+
Info: *******************************************************************
Info: Running Quartus Prime Analysis & Synthesis
    Info: Version 23.1std.1 Build 993 05/14/2024 SC Lite Edition
    Info: Processing started: Wed Apr  9 13:19:50 2025
Info: Command: quartus_map --read_settings_files=on --write_settings_files=off EE314exp1 -c EE314exp1
Warning (18236): Number of processors has not been specified which may cause overloading on shared machines.  Set the global assignment NUM_PARALLEL_PROCESSORS in your QSF to an appropriate value for best performance.
Info (20030): Parallel compilation is enabled and will use 16 of the 16 processors detected
Info (12021): Found 1 design units, including 1 entities, in source file hexto7seg.v
    Info (12023): Found entity 1: hexto7seg File: D:/METU-EE/EE-Sem-6/EE314/EXP1/Exp1_Quartus_2604163/hexto7seg.v Line: 1
Info (12021): Found 1 design units, including 1 entities, in source file ee314exp1.v
    Info (12023): Found entity 1: EE314exp1 File: D:/METU-EE/EE-Sem-6/EE314/EXP1/Exp1_Quartus_2604163/EE314exp1.v Line: 6
Info (12021): Found 1 design units, including 1 entities, in source file alu.v
    Info (12023): Found entity 1: ALU File: D:/METU-EE/EE-Sem-6/EE314/EXP1/Exp1_Quartus_2604163/ALU.v Line: 1
Info (12021): Found 1 design units, including 1 entities, in source file logic_unit.v
    Info (12023): Found entity 1: Logic_Unit File: D:/METU-EE/EE-Sem-6/EE314/EXP1/Exp1_Quartus_2604163/Logic_Unit.v Line: 1
Info (12021): Found 1 design units, including 1 entities, in source file arithmetic_unit.v
    Info (12023): Found entity 1: Arithmetic_Unit File: D:/METU-EE/EE-Sem-6/EE314/EXP1/Exp1_Quartus_2604163/Arithmetic_Unit.v Line: 1
Info (12021): Found 1 design units, including 1 entities, in source file extended_alu.v
    Info (12023): Found entity 1: Extended_ALU File: D:/METU-EE/EE-Sem-6/EE314/EXP1/Exp1_Quartus_2604163/Extended_ALU.v Line: 1
Info (12127): Elaborating entity "EE314exp1" for the top level hierarchy
Warning (10034): Output port "HEX3" at EE314exp1.v(12) has no driver File: D:/METU-EE/EE-Sem-6/EE314/EXP1/Exp1_Quartus_2604163/EE314exp1.v Line: 12
Warning (10034): Output port "HEX4" at EE314exp1.v(13) has no driver File: D:/METU-EE/EE-Sem-6/EE314/EXP1/Exp1_Quartus_2604163/EE314exp1.v Line: 13
Warning (10034): Output port "HEX5" at EE314exp1.v(14) has no driver File: D:/METU-EE/EE-Sem-6/EE314/EXP1/Exp1_Quartus_2604163/EE314exp1.v Line: 14
Warning (10034): Output port "LEDR[9..4]" at EE314exp1.v(17) has no driver File: D:/METU-EE/EE-Sem-6/EE314/EXP1/Exp1_Quartus_2604163/EE314exp1.v Line: 17
Info (12128): Elaborating entity "Extended_ALU" for hierarchy "Extended_ALU:u0" File: D:/METU-EE/EE-Sem-6/EE314/EXP1/Exp1_Quartus_2604163/EE314exp1.v Line: 51
Info (12128): Elaborating entity "ALU" for hierarchy "Extended_ALU:u0|ALU:my_ALU" File: D:/METU-EE/EE-Sem-6/EE314/EXP1/Exp1_Quartus_2604163/Extended_ALU.v Line: 20
Info (12128): Elaborating entity "Arithmetic_Unit" for hierarchy "Extended_ALU:u0|ALU:my_ALU|Arithmetic_Unit:AU" File: D:/METU-EE/EE-Sem-6/EE314/EXP1/Exp1_Quartus_2604163/ALU.v Line: 23
Warning (10230): Verilog HDL assignment warning at Arithmetic_Unit.v(13): truncated value with size 32 to match size of target (4) File: D:/METU-EE/EE-Sem-6/EE314/EXP1/Exp1_Quartus_2604163/Arithmetic_Unit.v Line: 13
Warning (10230): Verilog HDL assignment warning at Arithmetic_Unit.v(19): truncated value with size 32 to match size of target (1) File: D:/METU-EE/EE-Sem-6/EE314/EXP1/Exp1_Quartus_2604163/Arithmetic_Unit.v Line: 19
Info (12128): Elaborating entity "Logic_Unit" for hierarchy "Extended_ALU:u0|ALU:my_ALU|Logic_Unit:LU" File: D:/METU-EE/EE-Sem-6/EE314/EXP1/Exp1_Quartus_2604163/ALU.v Line: 30
Warning (10230): Verilog HDL assignment warning at Logic_Unit.v(14): truncated value with size 32 to match size of target (1) File: D:/METU-EE/EE-Sem-6/EE314/EXP1/Exp1_Quartus_2604163/Logic_Unit.v Line: 14
Info (12128): Elaborating entity "hexto7seg" for hierarchy "hexto7seg:hex_disp0" File: D:/METU-EE/EE-Sem-6/EE314/EXP1/Exp1_Quartus_2604163/EE314exp1.v Line: 57
Warning (12241): 2 hierarchies have connectivity warnings - see the Connectivity Checks report folder
Warning (13024): Output pins are stuck at VCC or GND
    Warning (13410): Pin "HEX3[0]" is stuck at GND File: D:/METU-EE/EE-Sem-6/EE314/EXP1/Exp1_Quartus_2604163/EE314exp1.v Line: 12
    Warning (13410): Pin "HEX3[1]" is stuck at GND File: D:/METU-EE/EE-Sem-6/EE314/EXP1/Exp1_Quartus_2604163/EE314exp1.v Line: 12
    Warning (13410): Pin "HEX3[2]" is stuck at GND File: D:/METU-EE/EE-Sem-6/EE314/EXP1/Exp1_Quartus_2604163/EE314exp1.v Line: 12
    Warning (13410): Pin "HEX3[3]" is stuck at GND File: D:/METU-EE/EE-Sem-6/EE314/EXP1/Exp1_Quartus_2604163/EE314exp1.v Line: 12
    Warning (13410): Pin "HEX3[4]" is stuck at GND File: D:/METU-EE/EE-Sem-6/EE314/EXP1/Exp1_Quartus_2604163/EE314exp1.v Line: 12
    Warning (13410): Pin "HEX3[5]" is stuck at GND File: D:/METU-EE/EE-Sem-6/EE314/EXP1/Exp1_Quartus_2604163/EE314exp1.v Line: 12
    Warning (13410): Pin "HEX3[6]" is stuck at GND File: D:/METU-EE/EE-Sem-6/EE314/EXP1/Exp1_Quartus_2604163/EE314exp1.v Line: 12
    Warning (13410): Pin "HEX4[0]" is stuck at GND File: D:/METU-EE/EE-Sem-6/EE314/EXP1/Exp1_Quartus_2604163/EE314exp1.v Line: 13
    Warning (13410): Pin "HEX4[1]" is stuck at GND File: D:/METU-EE/EE-Sem-6/EE314/EXP1/Exp1_Quartus_2604163/EE314exp1.v Line: 13
    Warning (13410): Pin "HEX4[2]" is stuck at GND File: D:/METU-EE/EE-Sem-6/EE314/EXP1/Exp1_Quartus_2604163/EE314exp1.v Line: 13
    Warning (13410): Pin "HEX4[3]" is stuck at GND File: D:/METU-EE/EE-Sem-6/EE314/EXP1/Exp1_Quartus_2604163/EE314exp1.v Line: 13
    Warning (13410): Pin "HEX4[4]" is stuck at GND File: D:/METU-EE/EE-Sem-6/EE314/EXP1/Exp1_Quartus_2604163/EE314exp1.v Line: 13
    Warning (13410): Pin "HEX4[5]" is stuck at GND File: D:/METU-EE/EE-Sem-6/EE314/EXP1/Exp1_Quartus_2604163/EE314exp1.v Line: 13
    Warning (13410): Pin "HEX4[6]" is stuck at GND File: D:/METU-EE/EE-Sem-6/EE314/EXP1/Exp1_Quartus_2604163/EE314exp1.v Line: 13
    Warning (13410): Pin "HEX5[0]" is stuck at GND File: D:/METU-EE/EE-Sem-6/EE314/EXP1/Exp1_Quartus_2604163/EE314exp1.v Line: 14
    Warning (13410): Pin "HEX5[1]" is stuck at GND File: D:/METU-EE/EE-Sem-6/EE314/EXP1/Exp1_Quartus_2604163/EE314exp1.v Line: 14
    Warning (13410): Pin "HEX5[2]" is stuck at GND File: D:/METU-EE/EE-Sem-6/EE314/EXP1/Exp1_Quartus_2604163/EE314exp1.v Line: 14
    Warning (13410): Pin "HEX5[3]" is stuck at GND File: D:/METU-EE/EE-Sem-6/EE314/EXP1/Exp1_Quartus_2604163/EE314exp1.v Line: 14
    Warning (13410): Pin "HEX5[4]" is stuck at GND File: D:/METU-EE/EE-Sem-6/EE314/EXP1/Exp1_Quartus_2604163/EE314exp1.v Line: 14
    Warning (13410): Pin "HEX5[5]" is stuck at GND File: D:/METU-EE/EE-Sem-6/EE314/EXP1/Exp1_Quartus_2604163/EE314exp1.v Line: 14
    Warning (13410): Pin "HEX5[6]" is stuck at GND File: D:/METU-EE/EE-Sem-6/EE314/EXP1/Exp1_Quartus_2604163/EE314exp1.v Line: 14
    Warning (13410): Pin "LEDR[4]" is stuck at GND File: D:/METU-EE/EE-Sem-6/EE314/EXP1/Exp1_Quartus_2604163/EE314exp1.v Line: 17
    Warning (13410): Pin "LEDR[5]" is stuck at GND File: D:/METU-EE/EE-Sem-6/EE314/EXP1/Exp1_Quartus_2604163/EE314exp1.v Line: 17
    Warning (13410): Pin "LEDR[6]" is stuck at GND File: D:/METU-EE/EE-Sem-6/EE314/EXP1/Exp1_Quartus_2604163/EE314exp1.v Line: 17
    Warning (13410): Pin "LEDR[7]" is stuck at GND File: D:/METU-EE/EE-Sem-6/EE314/EXP1/Exp1_Quartus_2604163/EE314exp1.v Line: 17
    Warning (13410): Pin "LEDR[8]" is stuck at GND File: D:/METU-EE/EE-Sem-6/EE314/EXP1/Exp1_Quartus_2604163/EE314exp1.v Line: 17
    Warning (13410): Pin "LEDR[9]" is stuck at GND File: D:/METU-EE/EE-Sem-6/EE314/EXP1/Exp1_Quartus_2604163/EE314exp1.v Line: 17
Info (286030): Timing-Driven Synthesis is running
Info (16010): Generating hard_block partition "hard_block:auto_generated_inst"
    Info (16011): Adding 0 node(s), including 0 DDIO, 0 PLL, 0 transceiver and 0 LCELL
Info (21057): Implemented 98 device resources after synthesis - the final resource count might be different
    Info (21058): Implemented 10 input pins
    Info (21059): Implemented 52 output pins
    Info (21061): Implemented 36 logic cells
Info: Quartus Prime Analysis & Synthesis was successful. 0 errors, 37 warnings
    Info: Peak virtual memory: 4853 megabytes
    Info: Processing ended: Wed Apr  9 13:19:57 2025
    Info: Elapsed time: 00:00:07
    Info: Total CPU time (on all processors): 00:00:13


